INFO:root:游戏开始时间: 2024-06-02 19:20:37
INFO:root:游戏分辨率: (656, 539)
ERROR:root:错误: Error code from Windows: 1400 - 无效的窗口句柄。
INFO:root:配置文件已保存并备份。
INFO:root:配置文件已保存并备份。
INFO:root:游戏开始时间: 2024-06-02 19:49:45
INFO:root:游戏分辨率: (656, 539)
ERROR:root:错误: Error code from Windows: 1400 - 无效的窗口句柄。
INFO:root:游戏开始时间: 2024-06-02 22:32:16
INFO:root:游戏分辨率: (656, 539)
INFO:root:游戏开始时间: 2024-06-02 22:33:43
INFO:root:游戏分辨率: (656, 539)
INFO:root:配置文件已备份。
INFO:root:游戏开始时间: 2024-06-02 22:43:20
INFO:root:游戏分辨率: (656, 539)
ERROR:root:错误: Error code from Windows: 1400 - 无效的窗口句柄。
INFO:root:游戏开始时间: 2024-06-02 22:52:57
INFO:root:游戏分辨率: (656, 539)
ERROR:root:错误: Error code from Windows: 1400 - 无效的窗口句柄。
INFO:root:游戏开始时间: 2024-06-02 22:55:38
INFO:root:游戏分辨率: (656, 539)
ERROR:root:错误: Error code from Windows: 1400 - 无效的窗口句柄。
INFO:root:游戏开始时间: 2024-06-02 22:56:22
INFO:root:游戏分辨率: (656, 539)
INFO:root:游戏开始时间: 2024-06-02 22:56:43
INFO:root:游戏分辨率: (656, 539)
INFO:root:配置文件已备份。
INFO:root:配置文件已备份。
INFO:root:游戏开始时间: 2024-06-02 22:58:35
INFO:root:游戏分辨率: (160, 28)
INFO:root:游戏开始时间: 2024-06-02 23:09:03
INFO:root:游戏分辨率: (656, 539)
INFO:root:时间已到。退出程序...
INFO:root:游戏开始时间: 2024-06-02 23:11:28
INFO:root:游戏分辨率: (656, 539)
INFO:root:时间已到。退出程序...
INFO:root:游戏开始时间: 2024-06-02 23:12:01
INFO:root:游戏分辨率: (1936, 1056)
INFO:root:时间已到。退出程序...
INFO:root:游戏开始时间: 2024-06-02 23:12:42
INFO:root:游戏分辨率: (656, 449)
INFO:root:时间已到。退出程序...
INFO:root:游戏开始时间: 2024-06-02 23:14:33
INFO:root:游戏分辨率: (656, 449)
INFO:root:时间已到。退出程序...
INFO:root:游戏开始时间: 2024-06-02 23:16:33
INFO:root:游戏分辨率: (656, 449)
INFO:root:时间已到。退出程序...
INFO:root:游戏开始时间: 2024-06-02 23:20:21
INFO:root:游戏分辨率: (656, 449)
ERROR:root:错误: 'AutoWhackAMole' object has no attribute 'running'
INFO:root:时间已到。退出程序...
INFO:root:游戏开始时间: 2024-06-02 23:21:16
INFO:root:游戏分辨率: (656, 449)
INFO:root:时间已到。退出程序...
INFO:root:游戏开始时间: 2024-06-02 23:28:26
INFO:root:游戏分辨率: (656, 539)
INFO:root:时间已到。退出程序...
INFO:root:游戏开始时间: 2024-06-03 20:46:47
INFO:root:游戏分辨率: (656, 539)
ERROR:root:错误: image "pyimage1" doesn't exist
INFO:root:游戏开始时间: 2024-06-03 20:46:58
INFO:root:游戏分辨率: (656, 539)
ERROR:root:错误: image "pyimage2" doesn't exist
INFO:root:时间已到。退出程序...
INFO:root:时间已到。退出程序...
INFO:root:游戏开始时间: 2024-06-03 20:50:59
INFO:root:游戏分辨率: (656, 539)
INFO:root:时间已到。退出程序...
INFO:root:游戏开始时间: 2024-06-03 20:51:21
INFO:root:游戏分辨率: (656, 539)
ERROR:root:错误: image "pyimage1" doesn't exist
INFO:root:游戏开始时间: 2024-06-03 21:00:50
INFO:root:游戏分辨率: (656, 539)
INFO:root:时间已到。退出程序...
INFO:root:游戏开始时间: 2024-06-03 21:02:44
INFO:root:游戏分辨率: (656, 539)
ERROR:root:错误: image "pyimage1" doesn't exist
INFO:root:游戏开始时间: 2024-06-03 21:07:51
INFO:root:游戏分辨率: (656, 539)
INFO:root:时间已到。退出程序...
INFO:root:游戏开始时间: 2024-06-03 21:08:16
INFO:root:游戏分辨率: (656, 539)
INFO:root:时间已到。退出程序...
INFO:root:游戏开始时间: 2024-06-03 21:09:31
INFO:root:游戏分辨率: (656, 539)
INFO:root:时间已到。退出程序...
INFO:root:游戏开始时间: 2024-06-03 21:19:35
INFO:root:游戏分辨率: (656, 539)
INFO:root:时间已到。退出程序...
INFO:root:游戏开始时间: 2024-06-03 21:20:03
INFO:root:游戏分辨率: (656, 539)
INFO:root:时间已到。退出程序...
INFO:root:游戏开始时间: 2024-06-03 21:21:02
INFO:root:游戏分辨率: (656, 528)
INFO:root:时间已到。退出程序...
INFO:root:游戏开始时间: 2024-06-03 21:21:28
INFO:root:游戏分辨率: (656, 528)
INFO:root:时间已到。退出程序...
INFO:root:游戏开始时间: 2024-06-03 21:22:20
INFO:root:游戏分辨率: (656, 539)
INFO:root:时间已到。退出程序...
